Flow report for processorDebug
Tue Nov 13 09:41:55 2018
Quartus Prime Version 18.1.0 Build 625 09/12/2018 SJ Lite Edition


---------------------
; Table of Contents ;
---------------------
  1. Legal Notice
  2. Flow Summary
  3. Flow Settings
  4. Flow Non-Default Global Settings
  5. Flow Elapsed Time
  6. Flow OS Summary
  7. Flow Log
  8. Flow Messages
  9. Flow Suppressed Messages



----------------
; Legal Notice ;
----------------
Copyright (C) 2018  Intel Corporation. All rights reserved.
Your use of Intel Corporation's design tools, logic functions 
and other software and tools, and its AMPP partner logic 
functions, and any output files from any of the foregoing 
(including device programming or simulation files), and any 
associated documentation or information are expressly subject 
to the terms and conditions of the Intel Program License 
Subscription Agreement, the Intel Quartus Prime License Agreement,
the Intel FPGA IP License Agreement, or other applicable license
agreement, including, without limitation, that your use is for
the sole purpose of programming logic devices manufactured by
Intel and sold by Intel or its authorized distributors.  Please
refer to the applicable agreement for further details.



+----------------------------------------------------------------------------------+
; Flow Summary                                                                     ;
+------------------------------------+---------------------------------------------+
; Flow Status                        ; Successful - Tue Nov 13 09:41:55 2018       ;
; Quartus Prime Version              ; 18.1.0 Build 625 09/12/2018 SJ Lite Edition ;
; Revision Name                      ; processorDebug                              ;
; Top-level Entity Name              ; processorCompact                            ;
; Family                             ; MAX 10                                      ;
; Device                             ; 10M50DAF484C7G                              ;
; Timing Models                      ; Final                                       ;
; Total logic elements               ; 3,326 / 49,760 ( 7 % )                      ;
;     Total combinational functions  ; 2,332 / 49,760 ( 5 % )                      ;
;     Dedicated logic registers      ; 2,266 / 49,760 ( 5 % )                      ;
; Total registers                    ; 2266                                        ;
; Total pins                         ; 51 / 360 ( 14 % )                           ;
; Total virtual pins                 ; 0                                           ;
; Total memory bits                  ; 0 / 1,677,312 ( 0 % )                       ;
; Embedded Multiplier 9-bit elements ; 0 / 288 ( 0 % )                             ;
; Total PLLs                         ; 0 / 4 ( 0 % )                               ;
; UFM blocks                         ; 0 / 1 ( 0 % )                               ;
; ADC blocks                         ; 0 / 2 ( 0 % )                               ;
+------------------------------------+---------------------------------------------+


+-----------------------------------------+
; Flow Settings                           ;
+-------------------+---------------------+
; Option            ; Setting             ;
+-------------------+---------------------+
; Start date & time ; 11/13/2018 09:40:22 ;
; Main task         ; Compilation         ;
; Revision Name     ; processorDebug      ;
+-------------------+---------------------+


+-----------------------------------------------------------------------------------------------------------------------------------+
; Flow Non-Default Global Settings                                                                                                  ;
+-------------------------------------+----------------------------------------+----------------+------------------+----------------+
; Assignment Name                     ; Value                                  ; Default Value  ; Entity Name      ; Section Id     ;
+-------------------------------------+----------------------------------------+----------------+------------------+----------------+
; COMPILER_SIGNATURE_ID               ; 71340213334145.154210202203912         ; --             ; --               ; --             ;
; EDA_OUTPUT_DATA_FORMAT              ; Verilog Hdl                            ; --             ; --               ; eda_simulation ;
; EDA_SIMULATION_TOOL                 ; ModelSim-Altera (Verilog)              ; <None>         ; --               ; --             ;
; EDA_TIME_SCALE                      ; 1 ps                                   ; --             ; --               ; eda_simulation ;
; MAX_CORE_JUNCTION_TEMP              ; 85                                     ; --             ; --               ; --             ;
; MIN_CORE_JUNCTION_TEMP              ; 0                                      ; --             ; --               ; --             ;
; PARTITION_COLOR                     ; -- (Not supported for targeted family) ; --             ; processorCompact ; Top            ;
; PARTITION_FITTER_PRESERVATION_LEVEL ; -- (Not supported for targeted family) ; --             ; processorCompact ; Top            ;
; PARTITION_NETLIST_TYPE              ; -- (Not supported for targeted family) ; --             ; processorCompact ; Top            ;
; POWER_BOARD_THERMAL_MODEL           ; None (CONSERVATIVE)                    ; --             ; --               ; --             ;
; POWER_PRESET_COOLING_SOLUTION       ; 23 MM HEAT SINK WITH 200 LFPM AIRFLOW  ; --             ; --               ; --             ;
; PROJECT_OUTPUT_DIRECTORY            ; output_files                           ; --             ; --               ; --             ;
; TOP_LEVEL_ENTITY                    ; processorCompact                       ; processorDebug ; --               ; --             ;
+-------------------------------------+----------------------------------------+----------------+------------------+----------------+


+--------------------------------------------------------------------------------------------------------------------------+
; Flow Elapsed Time                                                                                                        ;
+----------------------+--------------+-------------------------+---------------------+------------------------------------+
; Module Name          ; Elapsed Time ; Average Processors Used ; Peak Virtual Memory ; Total CPU Time (on all processors) ;
+----------------------+--------------+-------------------------+---------------------+------------------------------------+
; Analysis & Synthesis ; 00:00:23     ; 1.0                     ; 1033 MB             ; 00:00:39                           ;
; Fitter               ; 00:00:44     ; 1.3                     ; 1694 MB             ; 00:01:10                           ;
; Assembler            ; 00:00:05     ; 1.0                     ; 844 MB              ; 00:00:05                           ;
; Timing Analyzer      ; 00:00:13     ; 1.4                     ; 930 MB              ; 00:00:18                           ;
; EDA Netlist Writer   ; 00:00:01     ; 1.0                     ; 1095 MB             ; 00:00:01                           ;
; Total                ; 00:01:26     ; --                      ; --                  ; 00:02:13                           ;
+----------------------+--------------+-------------------------+---------------------+------------------------------------+


+--------------------------------------------------------------------------------------------------+
; Flow OS Summary                                                                                  ;
+----------------------+----------------------------+----------------+------------+----------------+
; Module Name          ; Machine Hostname           ; OS Name        ; OS Version ; Processor type ;
+----------------------+----------------------------+----------------+------------+----------------+
; Analysis & Synthesis ; val-HP-ENVY-15-Notebook-PC ; Ubuntu 18.04.1 ; 18         ; x86_64         ;
; Fitter               ; val-HP-ENVY-15-Notebook-PC ; Ubuntu 18.04.1 ; 18         ; x86_64         ;
; Assembler            ; val-HP-ENVY-15-Notebook-PC ; Ubuntu 18.04.1 ; 18         ; x86_64         ;
; Timing Analyzer      ; val-HP-ENVY-15-Notebook-PC ; Ubuntu 18.04.1 ; 18         ; x86_64         ;
; EDA Netlist Writer   ; val-HP-ENVY-15-Notebook-PC ; Ubuntu 18.04.1 ; 18         ; x86_64         ;
+----------------------+----------------------------+----------------+------------+----------------+


------------
; Flow Log ;
------------
quartus_map --read_settings_files=on --write_settings_files=off processorDebug -c processorDebug
quartus_fit --read_settings_files=off --write_settings_files=off processorDebug -c processorDebug
quartus_asm --read_settings_files=off --write_settings_files=off processorDebug -c processorDebug
quartus_sta processorDebug -c processorDebug
quartus_eda --read_settings_files=off --write_settings_files=off processorDebug -c processorDebug



